<?xml version="1.0" encoding="UTF-8"?>
<testng-results skipped="0" failed="0" total="1" passed="1">
  <reporter-output>
  </reporter-output>
  <suite name="Default suite" duration-ms="4074" started-at="2020-03-26T15:29:38Z" finished-at="2020-03-26T15:29:42Z">
    <groups>
    </groups>
    <test name="Default test" duration-ms="4074" started-at="2020-03-26T15:29:38Z" finished-at="2020-03-26T15:29:42Z">
      <class name="TC07_GET_Authorization">
        <test-method status="PASS" signature="AuthorizationTest()[pri:0, instance:TC07_GET_Authorization@3c5a99da]" name="AuthorizationTest" duration-ms="4054" started-at="2020-03-26T20:59:38Z" finished-at="2020-03-26T20:59:42Z">
          <reporter-output>
          </reporter-output>
        </test-method> <!-- AuthorizationTest -->
      </class> <!-- TC07_GET_Authorization -->
    </test> <!-- Default test -->
  </suite> <!-- Default suite -->
</testng-results>
