<?xml version="1.0" encoding="UTF-8"?>
<!-- Generated by org.testng.reporters.JUnitXMLReporter -->
<testsuite hostname="LAPTOP-MR7PA18F" name="Default test" tests="4" failures="0" timestamp="27 Mar 2020 01:53:01 GMT" time="7.428" errors="0">
  <testcase name="postNewEmployeeCreation" time="3.824" classname="DDTesting.DDtesting_POST_Excel"/>
  <testcase name="postNewEmployeeCreation" time="0.839" classname="DDTesting.DDtesting_POST_Excel"/>
  <testcase name="postNewEmployeeCreation" time="0.824" classname="DDTesting.DDtesting_POST_Excel"/>
  <testcase name="postNewEmployeeCreation" time="0.83" classname="DDTesting.DDtesting_POST_Excel"/>
</testsuite> <!-- Default test -->
